<?xml version="1.0" encoding="UTF-8"?>
<testng-results ignored="0" total="6" passed="6" failed="0" skipped="0">
  <reporter-output>
  </reporter-output>
  <suite started-at="2022-10-11T16:23:48 IST" name="TestSuite" finished-at="2022-10-11T16:24:39 IST" duration-ms="51067">
    <groups>
    </groups>
    <test started-at="2022-10-11T16:23:48 IST" name="ChromeTest" finished-at="2022-10-11T16:24:21 IST" duration-ms="33794">
      <class name="Ecommerce.Testing">
        <test-method is-config="true" signature="Start(java.lang.String)[pri:0, instance:Ecommerce.Testing@53976f5c]" started-at="2022-10-11T16:23:48 IST" name="Start" finished-at="2022-10-11T16:23:53 IST" duration-ms="5013" status="PASS">
          <params>
            <param index="0">
              <value>
                <![CDATA[Chrome]]>
              </value>
            </param>
          </params>
          <reporter-output>
          </reporter-output>
        </test-method> <!-- Start -->
        <test-method signature="home()[pri:0, instance:Ecommerce.Testing@53976f5c]" started-at="2022-10-11T16:23:53 IST" name="home" finished-at="2022-10-11T16:24:20 IST" duration-ms="27396" status="PASS">
          <reporter-output>
          </reporter-output>
        </test-method> <!-- home -->
        <test-method signature="search()[pri:1, instance:Ecommerce.Testing@53976f5c]" started-at="2022-10-11T16:24:20 IST" name="search" finished-at="2022-10-11T16:24:21 IST" duration-ms="1055" status="PASS">
          <reporter-output>
          </reporter-output>
        </test-method> <!-- search -->
        <test-method signature="pageHeight()[pri:2, instance:Ecommerce.Testing@53976f5c]" started-at="2022-10-11T16:24:21 IST" name="pageHeight" finished-at="2022-10-11T16:24:21 IST" duration-ms="11" status="PASS">
          <reporter-output>
          </reporter-output>
        </test-method> <!-- pageHeight -->
        <test-method is-config="true" signature="end()[pri:0, instance:Ecommerce.Testing@53976f5c]" started-at="2022-10-11T16:24:21 IST" name="end" finished-at="2022-10-11T16:24:21 IST" duration-ms="245" status="PASS">
          <reporter-output>
          </reporter-output>
        </test-method> <!-- end -->
      </class> <!-- Ecommerce.Testing -->
    </test> <!-- ChromeTest -->
    <test started-at="2022-10-11T16:23:48 IST" name="EdgeTest" finished-at="2022-10-11T16:24:39 IST" duration-ms="51067">
      <class name="Ecommerce.Testing">
        <test-method is-config="true" signature="Start(java.lang.String)[pri:0, instance:Ecommerce.Testing@49c7b90e]" started-at="2022-10-11T16:23:48 IST" name="Start" finished-at="2022-10-11T16:23:53 IST" duration-ms="5668" status="PASS">
          <params>
            <param index="0">
              <value>
                <![CDATA[Edge]]>
              </value>
            </param>
          </params>
          <reporter-output>
          </reporter-output>
        </test-method> <!-- Start -->
        <test-method signature="home()[pri:0, instance:Ecommerce.Testing@49c7b90e]" started-at="2022-10-11T16:23:53 IST" name="home" finished-at="2022-10-11T16:24:37 IST" duration-ms="43296" status="PASS">
          <reporter-output>
          </reporter-output>
        </test-method> <!-- home -->
        <test-method signature="search()[pri:1, instance:Ecommerce.Testing@49c7b90e]" started-at="2022-10-11T16:24:37 IST" name="search" finished-at="2022-10-11T16:24:38 IST" duration-ms="1764" status="PASS">
          <reporter-output>
          </reporter-output>
        </test-method> <!-- search -->
        <test-method signature="pageHeight()[pri:2, instance:Ecommerce.Testing@49c7b90e]" started-at="2022-10-11T16:24:38 IST" name="pageHeight" finished-at="2022-10-11T16:24:38 IST" duration-ms="21" status="PASS">
          <reporter-output>
          </reporter-output>
        </test-method> <!-- pageHeight -->
        <test-method is-config="true" signature="end()[pri:0, instance:Ecommerce.Testing@49c7b90e]" started-at="2022-10-11T16:24:38 IST" name="end" finished-at="2022-10-11T16:24:39 IST" duration-ms="307" status="PASS">
          <reporter-output>
          </reporter-output>
        </test-method> <!-- end -->
      </class> <!-- Ecommerce.Testing -->
    </test> <!-- EdgeTest -->
  </suite> <!-- TestSuite -->
</testng-results>
